<?xml version="1.0" encoding="UTF-8"?>
<!-- Generated by org.testng.reporters.JUnitXMLReporter -->
<testsuite ignored="0" hostname="DESKTOP-50LC16A" failures="0" tests="3" name="Default test" time="5.382" errors="0" timestamp="2023-08-07T17:45:33 IST">
  <testcase classname="apitest.googlemaps.LibraryApi" name="libraryTest" time="4.63"/>
  <testcase classname="apitest.googlemaps.LibraryApi" name="libraryTest" time="0.357"/>
  <testcase classname="apitest.googlemaps.LibraryApi" name="libraryTest" time="0.283"/>
</testsuite> <!-- Default test -->
