<?xml version="1.0" encoding="UTF-8"?>
<testng-results ignored="0" total="3" passed="3" failed="0" skipped="0">
  <reporter-output>
  </reporter-output>
  <suite started-at="2023-08-07T17:45:28 IST" name="Default suite" finished-at="2023-08-07T17:45:33 IST" duration-ms="5382">
    <groups>
    </groups>
    <test started-at="2023-08-07T17:45:28 IST" name="Default test" finished-at="2023-08-07T17:45:33 IST" duration-ms="5382">
      <class name="apitest.googlemaps.LibraryApi">
        <test-method signature="libraryTest(java.lang.String,java.lang.String)[pri:0, instance:apitest.googlemaps.LibraryApi@481a996b]" started-at="2023-08-07T17:45:28 IST" name="libraryTest" data-provider="dp" finished-at="2023-08-07T17:45:32 IST" duration-ms="4630" status="PASS">
          <params>
            <param index="0">
              <value>
                <![CDATA[abcd]]>
              </value>
            </param>
            <param index="1">
              <value>
                <![CDATA[1234]]>
              </value>
            </param>
          </params>
          <reporter-output>
          </reporter-output>
        </test-method> <!-- libraryTest -->
        <test-method signature="libraryTest(java.lang.String,java.lang.String)[pri:0, instance:apitest.googlemaps.LibraryApi@481a996b]" started-at="2023-08-07T17:45:32 IST" name="libraryTest" data-provider="dp" finished-at="2023-08-07T17:45:33 IST" duration-ms="357" status="PASS">
          <params>
            <param index="0">
              <value>
                <![CDATA[bdce]]>
              </value>
            </param>
            <param index="1">
              <value>
                <![CDATA[2345]]>
              </value>
            </param>
          </params>
          <reporter-output>
          </reporter-output>
        </test-method> <!-- libraryTest -->
        <test-method signature="libraryTest(java.lang.String,java.lang.String)[pri:0, instance:apitest.googlemaps.LibraryApi@481a996b]" started-at="2023-08-07T17:45:33 IST" name="libraryTest" data-provider="dp" finished-at="2023-08-07T17:45:33 IST" duration-ms="283" status="PASS">
          <params>
            <param index="0">
              <value>
                <![CDATA[cdef]]>
              </value>
            </param>
            <param index="1">
              <value>
                <![CDATA[3456]]>
              </value>
            </param>
          </params>
          <reporter-output>
          </reporter-output>
        </test-method> <!-- libraryTest -->
      </class> <!-- apitest.googlemaps.LibraryApi -->
    </test> <!-- Default test -->
  </suite> <!-- Default suite -->
</testng-results>
